<?xml version="1.0" encoding="UTF-8"?>
<!-- Generated by org.testng.reporters.JUnitXMLReporter -->
<testsuite hostname="DESKTOP-45045R7" ignored="1" name="ChomeTest" tests="1" failures="1" timestamp="03 Mar 2023 15:04:25 GMT" time="0.052" errors="0">
  <testcase name="verifyDonatepg" time="0.031" classname="com.test.testClass">
    <failure type="java.lang.NullPointerException">
      <![CDATA[java.lang.NullPointerException
at org.openqa.selenium.support.pagefactory.DefaultElementLocator.findElement(DefaultElementLocator.java:69)
at org.openqa.selenium.support.pagefactory.internal.LocatingElementHandler.invoke(LocatingElementHandler.java:38)
at com.sun.proxy.$Proxy10.click(Unknown Source)
at com.pom.Donate.clickDONATE(Donate.java:56)
at com.test.testClass.verifyDonatepg(testClass.java:54)
... Removed 25 stack frames]]>
    </failure>
  </testcase> <!-- verifyDonatepg -->
  <testcase name="verifyContactUs" time="0.0" classname="com.test.testClass">
    <ignored/>
  </testcase> <!-- verifyContactUs -->
</testsuite> <!-- ChomeTest -->
