<?xml version="1.0" encoding="UTF-8"?>
<!-- Generated by org.testng.reporters.JUnitXMLReporter -->
<testsuite hostname="DESKTOP-45045R7" ignored="0" name="Chrometest" tests="1" failures="1" timestamp="29 Mar 2023 06:31:28 GMT" time="9.717" errors="0">
  <testcase name="verifyEvent" time="0.656" classname="com.test.testclass">
    <failure type="java.text.ParseException" message="Unparseable date: &amp;quot;18/06/2000&amp;quot;">
      <![CDATA[java.text.ParseException: Unparseable date: "18/06/2000"
at java.text.DateFormat.parse(Unknown Source)
at com.pom.event.enterstartdate(event.java:80)
at com.test.testclass.verifyEvent(testclass.java:73)
at java.util.concurrent.FutureTask.run(Unknown Source)
at java.util.concurrent.ThreadPoolExecutor.runWorker(Unknown Source)
at java.util.concurrent.ThreadPoolExecutor$Worker.run(Unknown Source)
at java.lang.Thread.run(Unknown Source)
... Removed 16 stack frames]]>
    </failure>
  </testcase> <!-- verifyEvent -->
</testsuite> <!-- Chrometest -->
