<?xml version="1.0" encoding="UTF-8"?>
<!-- Generated by org.testng.reporters.JUnitXMLReporter -->
<testsuite hostname="DESKTOP-45045R7" ignored="0" name="EdgeTest" tests="7" failures="0" timestamp="02 Mar 2023 12:10:10 GMT" time="0.039" errors="0">
  <testcase name="@BeforeClass openBrowser" time="0.0" classname="com.test.testClass">
    <failure type="java.lang.NullPointerException">
      <![CDATA[java.lang.NullPointerException
at com.test.testClass.openBrowser(testClass.java:61)
at java.util.concurrent.FutureTask.run(Unknown Source)
at java.util.concurrent.ThreadPoolExecutor.runWorker(Unknown Source)
at java.util.concurrent.ThreadPoolExecutor$Worker.run(Unknown Source)
at java.lang.Thread.run(Unknown Source)
... Removed 17 stack frames]]>
    </failure>
  </testcase> <!-- @BeforeClass openBrowser -->
  <testcase name="@AfterClass closebrowser" time="0.0" classname="com.test.testClass">
    <skipped/>
  </testcase> <!-- @AfterClass closebrowser -->
  <testcase name="verifyaboutus" time="0.0" classname="com.test.testClass">
    <skipped/>
  </testcase> <!-- verifyaboutus -->
  <testcase name="verifyHome" time="0.0" classname="com.test.testClass">
    <skipped/>
  </testcase> <!-- verifyHome -->
  <testcase name="verifyLoginpage" time="0.001" classname="com.test.testClass">
    <skipped/>
  </testcase> <!-- verifyLoginpage -->
  <testcase name="verifyGallary" time="0.0" classname="com.test.testClass">
    <skipped/>
  </testcase> <!-- verifyGallary -->
  <testcase name="verifyDonatepg" time="0.0" classname="com.test.testClass">
    <skipped/>
  </testcase> <!-- verifyDonatepg -->
  <testcase name="verifyEvent" time="0.0" classname="com.test.testClass">
    <skipped/>
  </testcase> <!-- verifyEvent -->
  <testcase name="verifyContactUs" time="0.0" classname="com.test.testClass">
    <skipped/>
  </testcase> <!-- verifyContactUs -->
</testsuite> <!-- EdgeTest -->
