<?xml version="1.0" encoding="UTF-8"?>
<!-- Generated by org.testng.reporters.JUnitXMLReporter -->
<testsuite hostname="DESKTOP-45045R7" ignored="0" name="Test" tests="7" failures="0" timestamp="14 Mar 2023 10:30:16 GMT" time="0.071" errors="0">
  <testcase name="@BeforeClass openBrowser" time="0.0" classname="com.test.testclass">
    <failure type="org.testng.TestNGException" message="
Parameter &amp;apos;Browser&amp;apos; is required by BeforeClass on method openBrowser but has not been marked @Optional or defined
in C:\Users\ADMIN\CSBC\Suite.xml">
      <![CDATA[org.testng.TestNGException: 
Parameter 'Browser' is required by BeforeClass on method openBrowser but has not been marked @Optional or defined
in C:\Users\ADMIN\CSBC\Suite.xml
... Removed 23 stack frames]]>
    </failure>
  </testcase> <!-- @BeforeClass openBrowser -->
  <testcase name="@AfterMethod screenshot" time="0.0" classname="com.test.testclass">
    <skipped/>
  </testcase> <!-- @AfterMethod screenshot -->
  <testcase name="@AfterMethod screenshot" time="0.0" classname="com.test.testclass">
    <skipped/>
  </testcase> <!-- @AfterMethod screenshot -->
  <testcase name="@AfterMethod screenshot" time="0.0" classname="com.test.testclass">
    <skipped/>
  </testcase> <!-- @AfterMethod screenshot -->
  <testcase name="@AfterMethod screenshot" time="0.0" classname="com.test.testclass">
    <skipped/>
  </testcase> <!-- @AfterMethod screenshot -->
  <testcase name="@AfterMethod screenshot" time="0.0" classname="com.test.testclass">
    <skipped/>
  </testcase> <!-- @AfterMethod screenshot -->
  <testcase name="@AfterMethod screenshot" time="0.0" classname="com.test.testclass">
    <skipped/>
  </testcase> <!-- @AfterMethod screenshot -->
  <testcase name="@AfterMethod screenshot" time="0.0" classname="com.test.testclass">
    <skipped/>
  </testcase> <!-- @AfterMethod screenshot -->
  <testcase name="@AfterClass closebrowser" time="0.0" classname="com.test.testclass">
    <skipped/>
  </testcase> <!-- @AfterClass closebrowser -->
  <testcase name="verifyHome" time="0.0" classname="com.test.testclass">
    <skipped/>
  </testcase> <!-- verifyHome -->
  <testcase name="verifyGallary" time="0.0" classname="com.test.testclass">
    <skipped/>
  </testcase> <!-- verifyGallary -->
  <testcase name="verifyEvent" time="0.0" classname="com.test.testclass">
    <skipped/>
  </testcase> <!-- verifyEvent -->
  <testcase name="verifyaboutus" time="0.0" classname="com.test.testclass">
    <skipped/>
  </testcase> <!-- verifyaboutus -->
  <testcase name="verifyLoginpage" time="0.0" classname="com.test.testclass">
    <skipped/>
  </testcase> <!-- verifyLoginpage -->
  <testcase name="verifyDonatepg" time="0.0" classname="com.test.testclass">
    <skipped/>
  </testcase> <!-- verifyDonatepg -->
  <testcase name="verifyContactUs" time="0.0" classname="com.test.testclass">
    <skipped/>
  </testcase> <!-- verifyContactUs -->
</testsuite> <!-- Test -->
